{"name": "Power bi comparison with sql", "status": "broken", "statusDetails": {"message": "TypeError: catching classes that do not inherit from BaseException is not allowed", "trace": "self = <src.pom.pages.openpowerbi_page.OpenPowerBIPage object at 0x000002DB9A372A70>, locator = '//*[@id=\"email\"]'\n\n    def find_element_by_xpath(self, locator):\n        try:\n>           return self.driver.find_element('xpath', locator)\n\nsrc\\pom\\pages\\base_page.py:27: \n_ _ _ _ _ _ _ _ _ _ _ _ _ _ _ _ _ _ _ _ _ _ _ _ _ _ _ _ _ _ _ _ _ _ _ _ _ _ _ _ _ _ _ _ _ _ _ _ _ _ _ _ _ _ _ _ _ _ _ _ _ _ _ _ _ _ _ _ _ _ _ _ _ _ _ _ _ _ _ _ _ _ _ _ _ _ _ _ _ _ _ _\n\nself = <selenium.webdriver.chrome.webdriver.WebDriver (session=\"645c4437488b540768b2bcd6a901e649\")>, by = 'xpath', value = '//*[@id=\"email\"]'\n\n    def find_element(self, by=By.ID, value=None) -> WebElement:\n        \"\"\"\n        Find an element given a By strategy and locator.\n    \n        :Usage:\n            ::\n    \n                element = driver.find_element(By.ID, 'foo')\n    \n        :rtype: WebElement\n        \"\"\"\n        if isinstance(by, RelativeBy):\n            elements = self.find_elements(by=by, value=value)\n            if not elements:\n                raise NoSuchElementException(f\"Cannot locate relative element with: {by.root}\")\n            return elements[0]\n    \n        if by == By.ID:\n            by = By.CSS_SELECTOR\n            value = '[id=\"%s\"]' % value\n        elif by == By.CLASS_NAME:\n            by = By.CSS_SELECTOR\n            value = \".%s\" % value\n        elif by == By.NAME:\n            by = By.CSS_SELECTOR\n            value = '[name=\"%s\"]' % value\n    \n>       return self.execute(Command.FIND_ELEMENT, {\n            'using': by,\n            'value': value})['value']\n\nC:\\Users\\vaishnavi.gopala\\Pepsico\\Pepsico-CV_QA_Automation\\venv\\lib\\site-packages\\selenium\\webdriver\\remote\\webdriver.py:857: \n_ _ _ _ _ _ _ _ _ _ _ _ _ _ _ _ _ _ _ _ _ _ _ _ _ _ _ _ _ _ _ _ _ _ _ _ _ _ _ _ _ _ _ _ _ _ _ _ _ _ _ _ _ _ _ _ _ _ _ _ _ _ _ _ _ _ _ _ _ _ _ _ _ _ _ _ _ _ _ _ _ _ _ _ _ _ _ _ _ _ _ _\n\nself = <selenium.webdriver.chrome.webdriver.WebDriver (session=\"645c4437488b540768b2bcd6a901e649\")>, driver_command = 'findElement'\nparams = {'using': 'xpath', 'value': '//*[@id=\"email\"]'}\n\n    def execute(self, driver_command: str, params: dict = None) -> dict:\n        \"\"\"\n        Sends a command to be executed by a command.CommandExecutor.\n    \n        :Args:\n         - driver_command: The name of the command to execute as a string.\n         - params: A dictionary of named parameters to send with the command.\n    \n        :Returns:\n          The command's JSON response loaded into a dictionary object.\n        \"\"\"\n        if self.session_id:\n            if not params:\n                params = {'sessionId': self.session_id}\n            elif 'sessionId' not in params:\n                params['sessionId'] = self.session_id\n    \n        params = self._wrap_value(params)\n        response = self.command_executor.execute(driver_command, params)\n        if response:\n>           self.error_handler.check_response(response)\n\nC:\\Users\\vaishnavi.gopala\\Pepsico\\Pepsico-CV_QA_Automation\\venv\\lib\\site-packages\\selenium\\webdriver\\remote\\webdriver.py:435: \n_ _ _ _ _ _ _ _ _ _ _ _ _ _ _ _ _ _ _ _ _ _ _ _ _ _ _ _ _ _ _ _ _ _ _ _ _ _ _ _ _ _ _ _ _ _ _ _ _ _ _ _ _ _ _ _ _ _ _ _ _ _ _ _ _ _ _ _ _ _ _ _ _ _ _ _ _ _ _ _ _ _ _ _ _ _ _ _ _ _ _ _\n\nself = <selenium.webdriver.remote.errorhandler.ErrorHandler object at 0x000002DB9A372980>\nresponse = {'status': 404, 'value': '{\"value\":{\"error\":\"no such element\",\"message\":\"no such element: Unable to locate element: {\\...\\tRtlInitializeExceptionChain [0x77CEB74B+107]\\\\n\\\\tRtlClearBits [0x77CEB6CF+191]\\\\n\\\\t(No symbol) [0x00000000]\\\\n\"}}'}\n\n    def check_response(self, response: Dict[str, Any]) -> None:\n        \"\"\"\n        Checks that a JSON response from the WebDriver does not have an error.\n    \n        :Args:\n         - response - The JSON response from the WebDriver server as a dictionary\n           object.\n    \n        :Raises: If the response contains an error message.\n        \"\"\"\n        status = response.get('status', None)\n        if not status or status == ErrorCode.SUCCESS:\n            return\n        value = None\n        message = response.get(\"message\", \"\")\n        screen: str = response.get(\"screen\", \"\")\n        stacktrace = None\n        if isinstance(status, int):\n            value_json = response.get('value', None)\n            if value_json and isinstance(value_json, str):\n                import json\n                try:\n                    value = json.loads(value_json)\n                    if len(value.keys()) == 1:\n                        value = value['value']\n                    status = value.get('error', None)\n                    if not status:\n                        status = value.get(\"status\", ErrorCode.UNKNOWN_ERROR)\n                        message = value.get(\"value\") or value.get(\"message\")\n                        if not isinstance(message, str):\n                            value = message\n                            message = message.get('message')\n                    else:\n                        message = value.get('message', None)\n                except ValueError:\n                    pass\n    \n        exception_class: Type[WebDriverException]\n        if status in ErrorCode.NO_SUCH_ELEMENT:\n            exception_class = NoSuchElementException\n        elif status in ErrorCode.NO_SUCH_FRAME:\n            exception_class = NoSuchFrameException\n        elif status in ErrorCode.NO_SUCH_SHADOW_ROOT:\n            exception_class = NoSuchShadowRootException\n        elif status in ErrorCode.NO_SUCH_WINDOW:\n            exception_class = NoSuchWindowException\n        elif status in ErrorCode.STALE_ELEMENT_REFERENCE:\n            exception_class = StaleElementReferenceException\n        elif status in ErrorCode.ELEMENT_NOT_VISIBLE:\n            exception_class = ElementNotVisibleException\n        elif status in ErrorCode.INVALID_ELEMENT_STATE:\n            exception_class = InvalidElementStateException\n        elif status in ErrorCode.INVALID_SELECTOR \\\n                or status in ErrorCode.INVALID_XPATH_SELECTOR \\\n                or status in ErrorCode.INVALID_XPATH_SELECTOR_RETURN_TYPER:\n            exception_class = InvalidSelectorException\n        elif status in ErrorCode.ELEMENT_IS_NOT_SELECTABLE:\n            exception_class = ElementNotSelectableException\n        elif status in ErrorCode.ELEMENT_NOT_INTERACTABLE:\n            exception_class = ElementNotInteractableException\n        elif status in ErrorCode.INVALID_COOKIE_DOMAIN:\n            exception_class = InvalidCookieDomainException\n        elif status in ErrorCode.UNABLE_TO_SET_COOKIE:\n            exception_class = UnableToSetCookieException\n        elif status in ErrorCode.TIMEOUT:\n            exception_class = TimeoutException\n        elif status in ErrorCode.SCRIPT_TIMEOUT:\n            exception_class = TimeoutException\n        elif status in ErrorCode.UNKNOWN_ERROR:\n            exception_class = WebDriverException\n        elif status in ErrorCode.UNEXPECTED_ALERT_OPEN:\n            exception_class = UnexpectedAlertPresentException\n        elif status in ErrorCode.NO_ALERT_OPEN:\n            exception_class = NoAlertPresentException\n        elif status in ErrorCode.IME_NOT_AVAILABLE:\n            exception_class = ImeNotAvailableException\n        elif status in ErrorCode.IME_ENGINE_ACTIVATION_FAILED:\n            exception_class = ImeActivationFailedException\n        elif status in ErrorCode.MOVE_TARGET_OUT_OF_BOUNDS:\n            exception_class = MoveTargetOutOfBoundsException\n        elif status in ErrorCode.JAVASCRIPT_ERROR:\n            exception_class = JavascriptException\n        elif status in ErrorCode.SESSION_NOT_CREATED:\n            exception_class = SessionNotCreatedException\n        elif status in ErrorCode.INVALID_ARGUMENT:\n            exception_class = InvalidArgumentException\n        elif status in ErrorCode.NO_SUCH_COOKIE:\n            exception_class = NoSuchCookieException\n        elif status in ErrorCode.UNABLE_TO_CAPTURE_SCREEN:\n            exception_class = ScreenshotException\n        elif status in ErrorCode.ELEMENT_CLICK_INTERCEPTED:\n            exception_class = ElementClickInterceptedException\n        elif status in ErrorCode.INSECURE_CERTIFICATE:\n            exception_class = InsecureCertificateException\n        elif status in ErrorCode.INVALID_COORDINATES:\n            exception_class = InvalidCoordinatesException\n        elif status in ErrorCode.INVALID_SESSION_ID:\n            exception_class = InvalidSessionIdException\n        elif status in ErrorCode.UNKNOWN_METHOD:\n            exception_class = UnknownMethodException\n        else:\n            exception_class = WebDriverException\n        if not value:\n            value = response['value']\n        if isinstance(value, str):\n            raise exception_class(value)\n        if message == \"\" and 'message' in value:\n            message = value['message']\n    \n        screen = None  # type: ignore[assignment]\n        if 'screen' in value:\n            screen = value['screen']\n    \n        stacktrace = None\n        st_value = value.get('stackTrace') or value.get('stacktrace')\n        if st_value:\n            if isinstance(st_value, str):\n                stacktrace = st_value.split('\\n')\n            else:\n                stacktrace = []\n                try:\n                    for frame in st_value:\n                        line = self._value_or_default(frame, 'lineNumber', '')\n                        file = self._value_or_default(frame, 'fileName', '<anonymous>')\n                        if line:\n                            file = f\"{file}:{line}\"\n                        meth = self._value_or_default(frame, 'methodName', '<anonymous>')\n                        if 'className' in frame:\n                            meth = \"{}.{}\".format(frame['className'], meth)\n                        msg = \"    at %s (%s)\"\n                        msg = msg % (meth, file)\n                        stacktrace.append(msg)\n                except TypeError:\n                    pass\n        if exception_class == UnexpectedAlertPresentException:\n            alert_text = None\n            if 'data' in value:\n                alert_text = value['data'].get('text')\n            elif 'alert' in value:\n                alert_text = value['alert'].get('text')\n            raise exception_class(message, screen, stacktrace, alert_text)  # type: ignore[call-arg]  # mypy is not smart enough here\n>       raise exception_class(message, screen, stacktrace)\nE       selenium.common.exceptions.NoSuchElementException: Message: no such element: Unable to locate element: {\"method\":\"xpath\",\"selector\":\"//*[@id=\"email\"]\"}\nE         (Session info: chrome=114.0.5735.199)\nE       Stacktrace:\nE       Backtrace:\nE       \tGetHandleVerifier [0x0028A813+48355]\nE       \t(No symbol) [0x0021C4B1]\nE       \t(No symbol) [0x00125358]\nE       \t(No symbol) [0x001509A5]\nE       \t(No symbol) [0x00150B3B]\nE       \t(No symbol) [0x0017E232]\nE       \t(No symbol) [0x0016A784]\nE       \t(No symbol) [0x0017C922]\nE       \t(No symbol) [0x0016A536]\nE       \t(No symbol) [0x001482DC]\nE       \t(No symbol) [0x001493DD]\nE       \tGetHandleVerifier [0x004EAABD+2539405]\nE       \tGetHandleVerifier [0x0052A78F+2800735]\nE       \tGetHandleVerifier [0x0052456C+2775612]\nE       \tGetHandleVerifier [0x003151E0+616112]\nE       \t(No symbol) [0x00225F8C]\nE       \t(No symbol) [0x00222328]\nE       \t(No symbol) [0x0022240B]\nE       \t(No symbol) [0x00214FF7]\nE       \tBaseThreadInitThunk [0x77347D59+25]\nE       \tRtlInitializeExceptionChain [0x77CEB74B+107]\nE       \tRtlClearBits [0x77CEB6CF+191]\nE       \t(No symbol) [0x00000000]\n\nC:\\Users\\vaishnavi.gopala\\Pepsico\\Pepsico-CV_QA_Automation\\venv\\lib\\site-packages\\selenium\\webdriver\\remote\\errorhandler.py:247: NoSuchElementException\n\nDuring handling of the above exception, another exception occurred:\n\nself = <tests.test_openPowerBI.TestPowerBIReport object at 0x000002DB9A373100>\n\n    @pytest.mark.smoke\n    @allure.title(\"Power bi comparison with sql\")\n    def test_report(self):\n        self.OpenPowerBI.power_BI_login(emailID, decode(encryptedPasscode))\n>       self.OpenPowerBI.power_BI_login(emailID, decode(encryptedPasscode))\n\ntests\\test_openPowerBI.py:17: \n_ _ _ _ _ _ _ _ _ _ _ _ _ _ _ _ _ _ _ _ _ _ _ _ _ _ _ _ _ _ _ _ _ _ _ _ _ _ _ _ _ _ _ _ _ _ _ _ _ _ _ _ _ _ _ _ _ _ _ _ _ _ _ _ _ _ _ _ _ _ _ _ _ _ _ _ _ _ _ _ _ _ _ _ _ _ _ _ _ _ _ _\nsrc\\pom\\pages\\openpowerbi_page.py:38: in power_BI_login\n    self.send_keys( self.newemail, emailID)\nsrc\\pom\\pages\\base_page.py:65: in send_keys\n    self.find_element_by_xpath(locator).send_keys(text)\n_ _ _ _ _ _ _ _ _ _ _ _ _ _ _ _ _ _ _ _ _ _ _ _ _ _ _ _ _ _ _ _ _ _ _ _ _ _ _ _ _ _ _ _ _ _ _ _ _ _ _ _ _ _ _ _ _ _ _ _ _ _ _ _ _ _ _ _ _ _ _ _ _ _ _ _ _ _ _ _ _ _ _ _ _ _ _ _ _ _ _ _\n\nself = <src.pom.pages.openpowerbi_page.OpenPowerBIPage object at 0x000002DB9A372A70>, locator = '//*[@id=\"email\"]'\n\n    def find_element_by_xpath(self, locator):\n        try:\n            return self.driver.find_element('xpath', locator)\n>       except ElementNotVisibleException(locator) as E:\nE       TypeError: catching classes that do not inherit from BaseException is not allowed\n\nsrc\\pom\\pages\\base_page.py:28: TypeError"}, "steps": [{"name": "Login into power bi using id", "status": "passed", "start": 1689926506961, "stop": 1689926507675}, {"name": "Login into power bi using encrypted password", "status": "passed", "start": 1689926512676, "stop": 1689926514430}, {"name": "Clicked the extra pop up in login screen", "status": "passed", "start": 1689926519431, "stop": 1689926520144}, {"name": "Login into power bi using id", "status": "broken", "statusDetails": {"message": "TypeError: catching classes that do not inherit from BaseException is not allowed\n", "trace": "  File \"D:\\PyTest-Automation-Framework-master\\src\\pom\\pages\\openpowerbi_page.py\", line 38, in power_BI_login\n    self.send_keys( self.newemail, emailID)\n  File \"D:\\PyTest-Automation-Framework-master\\src\\pom\\pages\\base_page.py\", line 65, in send_keys\n    self.find_element_by_xpath(locator).send_keys(text)\n  File \"D:\\PyTest-Automation-Framework-master\\src\\pom\\pages\\base_page.py\", line 28, in find_element_by_xpath\n    except ElementNotVisibleException(locator) as E:\n"}, "start": 1689926540670, "stop": 1689926550745}], "attachments": [{"name": "log", "source": "a7d8150c-93e9-471b-baa6-dd9f49a23d5f-attachment.txt", "type": "text/plain"}, {"name": "stderr", "source": "827a7e03-9675-4901-b4be-5b5e43e7816b-attachment.txt", "type": "text/plain"}], "start": 1689926496915, "stop": 1689926550745, "uuid": "ec2a2954-ce4f-412c-9e02-950a5a4c7b09", "historyId": "b0336c530c443842ce6471649281d16f", "testCaseId": "52ed46f92fc8742b817ccd38918a09bf", "fullName": "tests.test_openPowerBI.TestPowerBIReport#test_report", "labels": [{"name": "tag", "value": "smoke"}, {"name": "tag", "value": "@pytest.mark.usefixtures('get_driver')"}, {"name": "parentSuite", "value": "tests"}, {"name": "suite", "value": "test_openPowerBI"}, {"name": "subSuite", "value": "TestPowerBIReport"}, {"name": "host", "value": "TIGER03699"}, {"name": "thread", "value": "51644-MainThread"}, {"name": "framework", "value": "pytest"}, {"name": "language", "value": "cpython3"}, {"name": "package", "value": "tests.test_openPowerBI"}]}